<?xml version="1.0" encoding="UTF-8"?>
<testsuite name="com.qhack.ApplicationTest" tests="1" skipped="0" failures="0" errors="0" timestamp="2026-04-08T14:46:07.185Z" hostname="MBPTino.local" time="0.414">
  <properties/>
  <testcase name="testRoot" classname="com.qhack.ApplicationTest" time="0.412"/>
  <system-out><![CDATA[2026-04-08 16:46:07.427 [DefaultDispatcher-worker-2 @call-context#3] INFO  io.ktor.test - No ktor.deployment.watch patterns specified, automatic reload is not active.
2026-04-08 16:46:07.456 [DefaultDispatcher-worker-2 @coroutine#4] INFO  [Koin] - Started 1 definitions in 1.394 ms
2026-04-08 16:46:07.461 [DefaultDispatcher-worker-2 @coroutine#4] INFO  io.ktor.test - Using embedded H2 database for testing; replace this flag to use postgres
2026-04-08 16:46:07.563 [DefaultDispatcher-worker-2 @call-context#3] INFO  io.ktor.test - Application started in 0.142 seconds.
2026-04-08 16:46:07.564 [DefaultDispatcher-worker-3 @coroutine#5] INFO  io.ktor.test - Responding at http://localhost:80
2026-04-08 16:46:07.564 [DefaultDispatcher-worker-3 @coroutine#5] INFO  io.ktor.test - Responding at https://localhost:443
]]></system-out>
  <system-err><![CDATA[]]></system-err>
</testsuite>
