<?xml version="1.0" encoding="UTF-8"?>
<testsuite name="com.qhack.ApplicationTest" tests="1" skipped="0" failures="0" errors="0" timestamp="2026-04-08T15:47:14.843Z" hostname="MBPTino.local" time="0.335">
  <properties/>
  <testcase name="testRoot" classname="com.qhack.ApplicationTest" time="0.334"/>
  <system-out><![CDATA[2026-04-08 17:47:15.098 [DefaultDispatcher-worker-2 @call-context#3] INFO  io.ktor.test - No ktor.deployment.watch patterns specified, automatic reload is not active.
2026-04-08 17:47:15.124 [DefaultDispatcher-worker-2 @coroutine#4] INFO  [Koin] - Started 0 definitions in 1.243 ms
2026-04-08 17:47:15.142 [DefaultDispatcher-worker-2 @call-context#3] INFO  io.ktor.test - Application started in 0.051 seconds.
2026-04-08 17:47:15.143 [DefaultDispatcher-worker-3 @coroutine#5] INFO  io.ktor.test - Responding at http://localhost:80
2026-04-08 17:47:15.143 [DefaultDispatcher-worker-3 @coroutine#5] INFO  io.ktor.test - Responding at https://localhost:443
]]></system-out>
  <system-err><![CDATA[]]></system-err>
</testsuite>
